<?xml version="1.0" encoding="UTF-8"?>
<testng-results ignored="0" total="2" passed="2" failed="0" skipped="0">
  <reporter-output>
  </reporter-output>
  <suite started-at="2026-07-16T23:36:08 IST" name="Employee Automation Suite" finished-at="2026-07-16T23:36:20 IST" duration-ms="11782">
    <groups>
    </groups>
    <test started-at="2026-07-16T23:36:08 IST" name="Automation Tests" finished-at="2026-07-16T23:36:20 IST" duration-ms="11782">
      <class name="com.employee.automation.tests.DashboardTest">
        <test-method is-config="true" signature="setUp()[pri:0, instance:com.employee.automation.tests.DashboardTest@6069db50]" started-at="2026-07-16T23:36:16 IST" name="setUp" finished-at="2026-07-16T23:36:18 IST" duration-ms="1519" status="PASS">
          <reporter-output>
          </reporter-output>
        </test-method> <!-- setUp -->
        <test-method signature="verifyDashboardLoads()[pri:0, instance:com.employee.automation.tests.DashboardTest@6069db50]" started-at="2026-07-16T23:36:18 IST" name="verifyDashboardLoads" finished-at="2026-07-16T23:36:20 IST" duration-ms="1825" status="PASS">
          <reporter-output>
          </reporter-output>
        </test-method> <!-- verifyDashboardLoads -->
        <test-method is-config="true" signature="tearDown()[pri:0, instance:com.employee.automation.tests.DashboardTest@6069db50]" started-at="2026-07-16T23:36:20 IST" name="tearDown" finished-at="2026-07-16T23:36:20 IST" duration-ms="235" status="PASS">
          <reporter-output>
          </reporter-output>
        </test-method> <!-- tearDown -->
      </class> <!-- com.employee.automation.tests.DashboardTest -->
      <class name="com.employee.automation.tests.LoginTest">
        <test-method is-config="true" signature="setUp()[pri:0, instance:com.employee.automation.tests.LoginTest@4f6ee6e4]" started-at="2026-07-16T23:36:08 IST" name="setUp" finished-at="2026-07-16T23:36:12 IST" duration-ms="3973" status="PASS">
          <reporter-output>
          </reporter-output>
        </test-method> <!-- setUp -->
        <test-method signature="adminLoginTest()[pri:0, instance:com.employee.automation.tests.LoginTest@4f6ee6e4]" started-at="2026-07-16T23:36:12 IST" name="adminLoginTest" finished-at="2026-07-16T23:36:16 IST" duration-ms="3888" status="PASS">
          <reporter-output>
          </reporter-output>
        </test-method> <!-- adminLoginTest -->
        <test-method is-config="true" signature="tearDown()[pri:0, instance:com.employee.automation.tests.LoginTest@4f6ee6e4]" started-at="2026-07-16T23:36:16 IST" name="tearDown" finished-at="2026-07-16T23:36:16 IST" duration-ms="291" status="PASS">
          <reporter-output>
          </reporter-output>
        </test-method> <!-- tearDown -->
      </class> <!-- com.employee.automation.tests.LoginTest -->
    </test> <!-- Automation Tests -->
  </suite> <!-- Employee Automation Suite -->
</testng-results>
